c:\dev\gameengine\bin-int\release-win32\gameengine\vc141.pdb
c:\dev\gameengine\bin-int\release-win32\gameengine\vertexarray.obj
c:\dev\gameengine\bin-int\release-win32\gameengine\vertexbuffer.obj
c:\dev\gameengine\bin-int\release-win32\gameengine\vector.obj
c:\dev\gameengine\bin-int\release-win32\gameengine\userinput.obj
c:\dev\gameengine\bin-int\release-win32\gameengine\texture.obj
c:\dev\gameengine\bin-int\release-win32\gameengine\shader.obj
c:\dev\gameengine\bin-int\release-win32\gameengine\renderer.obj
c:\dev\gameengine\bin-int\release-win32\gameengine\opengl.obj
c:\dev\gameengine\bin-int\release-win32\gameengine\indexbuffer.obj
c:\dev\gameengine\bin-int\release-win32\gameengine\image.obj
c:\dev\gameengine\bin-int\release-win32\gameengine\gmath.obj
c:\dev\gameengine\bin-int\release-win32\gameengine\console.obj
c:\dev\gameengine\bin-int\release-win32\gameengine\camera.obj
c:\dev\gameengine\bin-int\release-win32\gameengine\stb_image.obj
c:\dev\gameengine\bin-int\release-win32\gameengine\application.obj
c:\dev\gameengine\bin\release-win32\gameengine\gameengine.lib
c:\dev\gameengine\bin\release-win32\gameengine\gameengine.exp
c:\dev\gameengine\bin\release-win32\gameengine\gameengine.ipdb
c:\dev\gameengine\bin\release-win32\gameengine\gameengine.iobj
c:\dev\gameengine\bin\release-win32\gameengine\gameengine.dll
c:\dev\gameengine\bin\release-win32\gameengine\gameengine.pdb
c:\dev\gameengine\bin-int\release-win32\gameengine\gameengine.tlog\cl.command.1.tlog
c:\dev\gameengine\bin-int\release-win32\gameengine\gameengine.tlog\cl.read.1.tlog
c:\dev\gameengine\bin-int\release-win32\gameengine\gameengine.tlog\cl.write.1.tlog
c:\dev\gameengine\bin-int\release-win32\gameengine\gameengine.tlog\gameengine.write.1u.tlog
c:\dev\gameengine\bin-int\release-win32\gameengine\gameengine.tlog\link.command.1.tlog
c:\dev\gameengine\bin-int\release-win32\gameengine\gameengine.tlog\link.read.1.tlog
c:\dev\gameengine\bin-int\release-win32\gameengine\gameengine.tlog\link.write.1.tlog
